<?xml version="1.0" encoding="UTF-8"?>
<!-- Generated by org.testng.reporters.JUnitXMLReporter -->
<testsuite hostname="LAPTOP-GORURFBI" ignored="1" name="Default test" tests="4" failures="0" timestamp="22 Feb 2021 11:18:17 GMT" time="4.35" errors="0">
  <testcase name="tc2" time="0.01" classname="org.login.tester.Sam2"/>
  <testcase name="tc2" time="0.002" classname="org.login.tester.Sam2"/>
  <testcase name="tc2" time="0.001" classname="org.login.tester.Sam2"/>
  <testcase name="tc1" time="4.306" classname="org.login.tester.Sam2"/>
  <testcase name="tc3" time="0.0" classname="org.login.tester.Sam2">
    <ignored/>
  </testcase> <!-- tc3 -->
</testsuite> <!-- Default test -->
