<?xml version="1.0" encoding="UTF-8"?>
<testng-results skipped="0" failed="0" ignored="1" total="5" passed="4">
  <reporter-output>
  </reporter-output>
  <suite name="Default suite" duration-ms="4350" started-at="2021-02-22T11:18:12Z" finished-at="2021-02-22T11:18:17Z">
    <groups>
    </groups>
    <test name="Default test" duration-ms="4350" started-at="2021-02-22T11:18:12Z" finished-at="2021-02-22T11:18:17Z">
      <class name="org.login.tester.Sam2">
        <test-method status="PASS" signature="tc2()[pri:-5, instance:org.login.tester.Sam2@14acaea5]" name="tc2" duration-ms="10" started-at="2021-02-22T11:18:12Z" finished-at="2021-02-22T11:18:12Z">
          <reporter-output>
          </reporter-output>
        </test-method> <!-- tc2 -->
        <test-method status="PASS" signature="tc2()[pri:-5, instance:org.login.tester.Sam2@14acaea5]" name="tc2" duration-ms="2" started-at="2021-02-22T11:18:12Z" finished-at="2021-02-22T11:18:12Z">
          <reporter-output>
          </reporter-output>
        </test-method> <!-- tc2 -->
        <test-method status="PASS" signature="tc2()[pri:-5, instance:org.login.tester.Sam2@14acaea5]" name="tc2" duration-ms="1" started-at="2021-02-22T11:18:12Z" finished-at="2021-02-22T11:18:12Z">
          <reporter-output>
          </reporter-output>
        </test-method> <!-- tc2 -->
        <test-method status="PASS" signature="tc1()[pri:0, instance:org.login.tester.Sam2@14acaea5]" name="tc1" duration-ms="4306" started-at="2021-02-22T11:18:12Z" finished-at="2021-02-22T11:18:17Z">
          <reporter-output>
          </reporter-output>
        </test-method> <!-- tc1 -->
      </class> <!-- org.login.tester.Sam2 -->
    </test> <!-- Default test -->
  </suite> <!-- Default suite -->
</testng-results>
